<?xml version="1.0" encoding="UTF-8"?>
<!-- Generated by org.testng.reporters.JUnitReportReporter -->
<testsuite skipped="0" hostname="LAPTOP-91SG2SI1" name="com.marat.test.SpeedTest" tests="1" failures="0" timestamp="25 Aug 2017 15:49:18 GMT" time="2.366" errors="0">
  <testcase name="Test" time="2.366" classname="com.marat.test.SpeedTest"/>
</testsuite> <!-- com.marat.test.SpeedTest -->
